This file contains any messages produced by compilers while
running configure, to aid debugging if configure makes a mistake.

It was created by CRTM configure v2.2.3, which was
generated by GNU Autoconf 2.63.  Invocation command line was

  $ ./configure 

## --------- ##
## Platform. ##
## --------- ##

hostname = tfe04
uname -m = x86_64
uname -r = 2.6.32-431.29.2.rdhpcs.1.el6.x86_64
uname -s = Linux
uname -v = #1 SMP Fri Oct 28 14:46:15 UTC 2016

/usr/bin/uname -p = unknown
/bin/uname -X     = unknown

/bin/arch              = x86_64
/usr/bin/arch -k       = unknown
/usr/convex/getsysinfo = unknown
/usr/bin/hostinfo      = unknown
/bin/machine           = unknown
/usr/bin/oslevel       = unknown
/bin/universe          = unknown

PATH: /apps/netcdf/4.3.0-intel/bin
PATH: /apps/intel/impi/4.1.3.048/intel64/bin
PATH: /apps/intel/composer_xe_2013_sp1.2.144/mpirt/bin/intel64
PATH: /apps/intel/composer_xe_2013_sp1.2.144/bin/intel64
PATH: /apps/intel/composer_xe_2013_sp1.2.144/debugger/gdb/intel64_mic/py27/py27/bin
PATH: /apps/intel/composer_xe_2013_sp1.2.144/debugger/gdb/intel64/py27/bin
PATH: /apps/intel/composer_xe_2013_sp1.2.144/debugger/gui/intel64
PATH: /apps/intel/composer_xe_2013_sp1.2.144/bin/intel64_mic
PATH: /apps/intel/composer_xe_2013_sp1.2.144/bin/intel64
PATH: /home/Jeffrey.S.Whitaker/.local/bin
PATH: /contrib/pythonextras/Anaconda-1.8.0/bin
PATH: /home/Jeffrey.S.Whitaker/bin
PATH: /apps/hpss
PATH: /usr/lib64/qt-3.3/bin
PATH: /usr/local/bin
PATH: /bin
PATH: /usr/bin
PATH: /apps/moab/default/moab/tools
PATH: /apps/moab/default/bin
PATH: /apps/moab/default/sbin
PATH: /apps/torque/default/bin
PATH: /apps/torque/default/sbin
PATH: /apps/mam/default/bin
PATH: /apps/mam/default/sbin
PATH: /apps/local/bin
PATH: /apps/local/sbin


## ----------- ##
## Core tests. ##
## ----------- ##

configure:1754: CRTM v2.2.3
configure:1874: checking for Fortran compiler version
configure:1882: ifort --version >&5
ifort (IFORT) 14.0.2 20140120
Copyright (C) 1985-2014 Intel Corporation.  All rights reserved.

configure:1886: $? = 0
configure:1893: ifort -v >&5
ifort version 14.0.2
configure:1897: $? = 0
configure:1904: ifort -V >&5
Intel(R) Fortran Intel(R) 64 Compiler XE for applications running on Intel(R) 64, Version 14.0.2.144 Build 20140120
Copyright (C) 1985-2014 Intel Corporation.  All rights reserved.

configure:1908: $? = 0
configure:1922: checking for Fortran compiler default output file name
configure:1944: ifort -O3 -fPIC -fp-model source -free -assume byterecl   conftest.f  >&5
configure:1948: $? = 0
configure:1986: result: a.out
configure:2005: checking whether the Fortran compiler works
configure:2015: ./a.out
configure:2019: $? = 0
configure:2038: result: yes
configure:2045: checking whether we are cross compiling
configure:2047: result: no
configure:2050: checking for suffix of executables
configure:2057: ifort -o conftest -O3 -fPIC -fp-model source -free -assume byterecl   conftest.f  >&5
configure:2061: $? = 0
configure:2087: result: 
configure:2093: checking for suffix of object files
configure:2109: ifort -c -O3 -fPIC -fp-model source -free -assume byterecl  conftest.f >&5
configure:2113: $? = 0
configure:2138: result: o
configure:2146: checking whether we are using the GNU Fortran compiler
configure:2165: ifort -c -O3 -fPIC -fp-model source -free -assume byterecl  conftest.F >&5
conftest.F(3): error #5082: Syntax error, found IDENTIFIER 'ME' when expecting one of: ( % [ : . = =>
       choke me
-------------^
compilation aborted for conftest.F (code 1)
configure:2172: $? = 1
configure: failed program was:
|       program main
| #ifndef __GNUC__
|        choke me
| #endif
| 
|       end
configure:2189: result: no
configure:2195: checking whether ifort accepts -g
configure:2212: ifort -c -g  conftest.f >&5
configure:2219: $? = 0
configure:2235: result: yes
configure:2304: checking for a BSD-compatible install
configure:2372: result: /usr/bin/install -c
configure:2426: checking for ranlib
configure:2442: found /usr/bin/ranlib
configure:2453: result: ranlib
configure:2518: checking for ar
configure:2534: found /usr/bin/ar
configure:2545: result: ar
configure:2583: checking for Fortran flag needed to allow free-form source
configure:2608: ifort -c -O3 -fPIC -fp-model source -free -assume byterecl  conftest.f >&5
configure:2615: $? = 0
configure:2634: result: none
configure:2655: checking for Fortran flag to compile .f90 files
configure:2677: ifort -c -O3 -fPIC -fp-model source -free -assume byterecl  conftest.f90 >&5
configure:2684: $? = 0
configure:2703: result: none
configure:2729: checking if platform is little-endian
configure:2732: result: yes
configure:2778: Building big-endian version
configure:2942: creating ./config.status

## ---------------------- ##
## Running config.status. ##
## ---------------------- ##

This file was extended by CRTM config.status v2.2.3, which was
generated by GNU Autoconf 2.63.  Invocation command line was

  CONFIG_FILES    = 
  CONFIG_HEADERS  = 
  CONFIG_LINKS    = 
  CONFIG_COMMANDS = 
  $ ./config.status 

on tfe04

config.status:653: creating Makefile
config.status:653: creating libsrc/Makefile
config.status:653: creating libsrc/test/Makefile

## ---------------- ##
## Cache variables. ##
## ---------------- ##

ac_cv_env_FCFLAGS_set=set
ac_cv_env_FCFLAGS_value='-O3 -fPIC -fp-model source -free -assume byterecl'
ac_cv_env_FC_set=set
ac_cv_env_FC_value=ifort
ac_cv_env_LDFLAGS_set=set
ac_cv_env_LDFLAGS_value=
ac_cv_env_LIBS_set=set
ac_cv_env_LIBS_value=
ac_cv_env_build_alias_set=
ac_cv_env_build_alias_value=
ac_cv_env_host_alias_set=
ac_cv_env_host_alias_value=
ac_cv_env_target_alias_set=
ac_cv_env_target_alias_value=
ac_cv_fc_compiler_gnu=no
ac_cv_fc_freeform=none
ac_cv_fc_srcext_f90=none
ac_cv_objext=o
ac_cv_path_install='/usr/bin/install -c'
ac_cv_prog_ac_ct_AR=ar
ac_cv_prog_ac_ct_RANLIB=ranlib
ac_cv_prog_fc_g=yes

## ----------------- ##
## Output variables. ##
## ----------------- ##

AR='ar'
ARFLAGS='crvs'
DEFS='-DPACKAGE_NAME=\"CRTM\" -DPACKAGE_TARNAME=\"crtm\" -DPACKAGE_VERSION=\"v2.2.3\" -DPACKAGE_STRING=\"CRTM\ v2.2.3\" -DPACKAGE_BUGREPORT=\"ncep.list.emc.jcsda_crtm.support@noaa.gov\"'
ECHO_C=''
ECHO_N='-n'
ECHO_T=''
ENDIAN_IO='big'
ENDIAN_PLATFORM='little'
EXEEXT=''
FC='ifort'
FCFLAGS='-assume byterecl -convert big_endian -O3 -fPIC -fp-model source -free -assume byterecl'
FCFLAGS_f90=''
FPPFLAGS=''
INSTALL_DATA='${INSTALL} -m 644'
INSTALL_PROGRAM='${INSTALL}'
INSTALL_SCRIPT='${INSTALL}'
LDFLAGS=''
LIBOBJS=''
LIBS=''
LTLIBOBJS=''
OBJEXT='o'
PACKAGE_BUGREPORT='ncep.list.emc.jcsda_crtm.support@noaa.gov'
PACKAGE_NAME='CRTM'
PACKAGE_STRING='CRTM v2.2.3'
PACKAGE_TARNAME='crtm'
PACKAGE_VERSION='v2.2.3'
PATH_SEPARATOR=':'
RANLIB='ranlib'
SHELL='/bin/sh'
ac_ct_FC=''
bindir='${exec_prefix}/bin'
build_alias=''
datadir='${datarootdir}'
datarootdir='${prefix}/share'
docdir='${datarootdir}/doc/${PACKAGE_TARNAME}'
dvidir='${docdir}'
exec_prefix='${prefix}'
host_alias=''
htmldir='${docdir}'
includedir='${prefix}/include'
infodir='${datarootdir}/info'
libdir='${exec_prefix}/lib'
libexecdir='${exec_prefix}/libexec'
localedir='${datarootdir}/locale'
localstatedir='${prefix}/var'
mandir='${datarootdir}/man'
oldincludedir='/usr/include'
pdfdir='${docdir}'
prefix='/usr/local'
program_transform_name='s,x,x,'
psdir='${docdir}'
sbindir='${exec_prefix}/sbin'
sharedstatedir='${prefix}/com'
sysconfdir='${prefix}/etc'
target_alias=''

## ----------- ##
## confdefs.h. ##
## ----------- ##

#define PACKAGE_NAME "CRTM"
#define PACKAGE_TARNAME "crtm"
#define PACKAGE_VERSION "v2.2.3"
#define PACKAGE_STRING "CRTM v2.2.3"
#define PACKAGE_BUGREPORT "ncep.list.emc.jcsda_crtm.support@noaa.gov"

configure: exit 0

## ---------------------- ##
## Running config.status. ##
## ---------------------- ##

This file was extended by CRTM config.status v2.2.3, which was
generated by GNU Autoconf 2.63.  Invocation command line was

  CONFIG_FILES    = 
  CONFIG_HEADERS  = 
  CONFIG_LINKS    = 
  CONFIG_COMMANDS = 
  $ ./config.status libsrc/Makefile

on tfe04

config.status:653: creating libsrc/Makefile
